info it worked if it ends with ok
verbose cli [ 'node', '/usr/local/bin/npm', 'publish', '--force' ]
info using npm@1.0.103
info using node@v0.4.12
verbose config file /Users/craig/.npmrc
verbose config file /usr/local/etc/npmrc
verbose config file /usr/local/lib/node_modules/npm/npmrc
verbose publish [ '.' ]
silly testEngine { name: 'supervisord',
silly testEngine   description: 'Supervisord library for node.js',
silly testEngine   version: '0.0.3',
silly testEngine   author: { name: 'Craig Condon' },
silly testEngine   repository: 
silly testEngine    { type: 'git',
silly testEngine      url: 'git://github.com/spiceapps/supervisord.git' },
silly testEngine   dependencies: { structr: '*', xmlrpc: '*' },
silly testEngine   main: './lib/index',
silly testEngine   _npmUser: { name: 'architectd', email: 'craig@spiceapps.com' },
silly testEngine   _id: 'supervisord@0.0.3',
silly testEngine   devDependencies: {},
silly testEngine   engines: { node: '*' },
silly testEngine   _engineSupported: true,
silly testEngine   _npmVersion: '1.0.103',
silly testEngine   _nodeVersion: 'v0.4.12',
silly testEngine   _defaultsLoaded: true,
silly testEngine   scripts: {} }
verbose caching /Users/craig/Dropbox/Developer/Public/supervisord/package.json
verbose loadDefaults supervisord@0.0.3
info prepublish supervisord@0.0.3
verbose cache add [ '.', null ]
silly cache add: name, spec, args [ undefined, '.', [ '.', null ] ]
verbose parsed url { pathname: '.', href: '.' }
silly testEngine { name: 'supervisord',
silly testEngine   description: 'Supervisord library for node.js',
silly testEngine   version: '0.0.3',
silly testEngine   author: { name: 'Craig Condon' },
silly testEngine   repository: 
silly testEngine    { type: 'git',
silly testEngine      url: 'git://github.com/spiceapps/supervisord.git' },
silly testEngine   dependencies: { structr: '*', xmlrpc: '*' },
silly testEngine   main: './lib/index',
silly testEngine   _npmUser: { name: 'architectd', email: 'craig@spiceapps.com' },
silly testEngine   _id: 'supervisord@0.0.3',
silly testEngine   devDependencies: {},
silly testEngine   engines: { node: '*' },
silly testEngine   _engineSupported: true,
silly testEngine   _npmVersion: '1.0.103',
silly testEngine   _nodeVersion: 'v0.4.12',
silly testEngine   _defaultsLoaded: true,
silly testEngine   path: '/Users/craig/Dropbox/Developer/Public/supervisord' }
verbose caching package.json
verbose loadDefaults supervisord@0.0.3
verbose pack /Users/craig/Dropbox/Developer/Public/supervisord /var/folders/n1/r96x64mx6jzcbzkbz1ddrw6r0000gn/T/npm-1320526983785/1320526983785-0.3628717618994415/tmp.tgz
verbose mkdir (expected) error ENOENT, No such file or directory '/var/folders/n1/r96x64mx6jzcbzkbz1ddrw6r0000gn/T/npm-1320526983785'
verbose mkdir (expected) error ENOENT, No such file or directory '/var/folders/n1/r96x64mx6jzcbzkbz1ddrw6r0000gn/T/npm-1320526983785/1320526983785-0.3628717618994415'
verbose mkdir done: /var/folders/n1/r96x64mx6jzcbzkbz1ddrw6r0000gn/T/npm-1320526983785/1320526983785-0.3628717618994415 755
verbose mkdir'ed /var/folders/n1/r96x64mx6jzcbzkbz1ddrw6r0000gn/T/npm-1320526983785/1320526983785-0.3628717618994415
verbose tar about to write tar and gzip it.
silly tar args [ '-czvf', '-', '-T', '-' ]
silly spawning [ 'tar',
silly spawning   [ '-czvf', '-', '-T', '-' ],
silly spawning   '/Users/craig/Dropbox/Developer/Public' ]
verbose mkdir (expected) error ENOENT, No such file or directory '/var/folders/n1/r96x64mx6jzcbzkbz1ddrw6r0000gn/T/npm-1320526983785/1320526983785-0.3628717618994415/contents'
verbose mkdir (expected) error ENOENT, No such file or directory '/var/folders/n1/r96x64mx6jzcbzkbz1ddrw6r0000gn/T/npm-1320526983785/1320526983785-0.3628717618994415/contents/___package.npm'
verbose mkdir done: /var/folders/n1/r96x64mx6jzcbzkbz1ddrw6r0000gn/T/npm-1320526983785/1320526983785-0.3628717618994415/contents/___package.npm 755
verbose unpack_ uid, gid [ undefined, undefined ]
verbose unpackTarget /var/folders/n1/r96x64mx6jzcbzkbz1ddrw6r0000gn/T/npm-1320526983785/1320526983785-0.3628717618994415/contents/package
silly gunzTarPerm modes [ '755', '644' ]
silly spawning [ 'tar',
silly spawning   [ '-zmvxpf',
silly spawning     '/var/folders/n1/r96x64mx6jzcbzkbz1ddrw6r0000gn/T/npm-1320526983785/1320526983785-0.3628717618994415/tmp.tgz',
silly spawning     '-o' ],
silly spawning   '/var/folders/n1/r96x64mx6jzcbzkbz1ddrw6r0000gn/T/npm-1320526983785/1320526983785-0.3628717618994415/contents/___package.npm' ]
silly tar err x supervisord/.cupboard
silly tar err x supervisord/.gitignore
silly tar err x supervisord/MIT-LICENSE.txt
silly tar err x supervisord/package.json
silly tar err x supervisord/README.md
silly tar err x supervisord/lib/api.js
silly tar err x supervisord/lib/index.js
silly asyncMap in gTP /var/folders/n1/r96x64mx6jzcbzkbz1ddrw6r0000gn/T/npm-1320526983785/1320526983785-0.3628717618994415/contents/___package.npm/supervisord
silly asyncMap in gTP /var/folders/n1/r96x64mx6jzcbzkbz1ddrw6r0000gn/T/npm-1320526983785/1320526983785-0.3628717618994415/contents/___package.npm/supervisord/.cupboard
silly asyncMap in gTP /var/folders/n1/r96x64mx6jzcbzkbz1ddrw6r0000gn/T/npm-1320526983785/1320526983785-0.3628717618994415/contents/___package.npm/supervisord/.gitignore
silly asyncMap in gTP /var/folders/n1/r96x64mx6jzcbzkbz1ddrw6r0000gn/T/npm-1320526983785/1320526983785-0.3628717618994415/contents/___package.npm/supervisord/MIT-LICENSE.txt
silly asyncMap in gTP /var/folders/n1/r96x64mx6jzcbzkbz1ddrw6r0000gn/T/npm-1320526983785/1320526983785-0.3628717618994415/contents/___package.npm/supervisord/package.json
silly asyncMap in gTP /var/folders/n1/r96x64mx6jzcbzkbz1ddrw6r0000gn/T/npm-1320526983785/1320526983785-0.3628717618994415/contents/___package.npm/supervisord/README.md
silly asyncMap in gTP /var/folders/n1/r96x64mx6jzcbzkbz1ddrw6r0000gn/T/npm-1320526983785/1320526983785-0.3628717618994415/contents/___package.npm/supervisord/lib
silly asyncMap in gTP /var/folders/n1/r96x64mx6jzcbzkbz1ddrw6r0000gn/T/npm-1320526983785/1320526983785-0.3628717618994415/contents/___package.npm/supervisord/lib/api.js
silly asyncMap in gTP /var/folders/n1/r96x64mx6jzcbzkbz1ddrw6r0000gn/T/npm-1320526983785/1320526983785-0.3628717618994415/contents/___package.npm/supervisord/lib/index.js
verbose gunzed /var/folders/n1/r96x64mx6jzcbzkbz1ddrw6r0000gn/T/npm-1320526983785/1320526983785-0.3628717618994415/contents/___package.npm/supervisord
verbose rm'ed /var/folders/n1/r96x64mx6jzcbzkbz1ddrw6r0000gn/T/npm-1320526983785/1320526983785-0.3628717618994415/contents/package
verbose renamed [ '/var/folders/n1/r96x64mx6jzcbzkbz1ddrw6r0000gn/T/npm-1320526983785/1320526983785-0.3628717618994415/contents/___package.npm/supervisord',
verbose renamed   '/var/folders/n1/r96x64mx6jzcbzkbz1ddrw6r0000gn/T/npm-1320526983785/1320526983785-0.3628717618994415/contents/package' ]
silly testEngine { name: 'supervisord',
silly testEngine   description: 'Supervisord library for node.js',
silly testEngine   version: '0.0.3',
silly testEngine   author: { name: 'Craig Condon' },
silly testEngine   repository: 
silly testEngine    { type: 'git',
silly testEngine      url: 'git://github.com/spiceapps/supervisord.git' },
silly testEngine   dependencies: { structr: '*', xmlrpc: '*' },
silly testEngine   main: './lib/index',
silly testEngine   _npmUser: { name: 'architectd', email: 'craig@spiceapps.com' },
silly testEngine   _id: 'supervisord@0.0.3',
silly testEngine   devDependencies: {},
silly testEngine   engines: { node: '*' },
silly testEngine   _engineSupported: true,
silly testEngine   _npmVersion: '1.0.103',
silly testEngine   _nodeVersion: 'v0.4.12',
silly testEngine   _defaultsLoaded: true,
silly testEngine   path: '/var/folders/n1/r96x64mx6jzcbzkbz1ddrw6r0000gn/T/npm-1320526983785/1320526983785-0.3628717618994415/contents/package' }
verbose caching /var/folders/n1/r96x64mx6jzcbzkbz1ddrw6r0000gn/T/npm-1320526983785/1320526983785-0.3628717618994415/contents/package/package.json
verbose loadDefaults supervisord@0.0.3
verbose tarball contents [ 'package' ]
verbose from cache /var/folders/n1/r96x64mx6jzcbzkbz1ddrw6r0000gn/T/npm-1320526983785/1320526983785-0.3628717618994415/contents/package/package.json
verbose pack /var/folders/n1/r96x64mx6jzcbzkbz1ddrw6r0000gn/T/npm-1320526983785/1320526983785-0.3628717618994415/contents/package /Users/craig/.npm/supervisord/0.0.3/package.tgz
verbose mkdir'ed /Users/craig/.npm/supervisord/0.0.3
verbose tar about to write tar and gzip it.
silly tar args [ '-czvf', '-', '-T', '-' ]
silly spawning [ 'tar',
silly spawning   [ '-czvf', '-', '-T', '-' ],
silly spawning   '/var/folders/n1/r96x64mx6jzcbzkbz1ddrw6r0000gn/T/npm-1320526983785/1320526983785-0.3628717618994415/contents' ]
verbose mkdir (expected) error ENOENT, No such file or directory '/Users/craig/.npm/supervisord/0.0.3/___package.npm'
verbose mkdir done: /Users/craig/.npm/supervisord/0.0.3/___package.npm 755
verbose unpack_ uid, gid [ undefined, undefined ]
verbose unpackTarget /Users/craig/.npm/supervisord/0.0.3/package
silly gunzTarPerm modes [ '755', '644' ]
silly spawning [ 'tar',
silly spawning   [ '-zmvxpf',
silly spawning     '/Users/craig/.npm/supervisord/0.0.3/package.tgz',
silly spawning     '-o' ],
silly spawning   '/Users/craig/.npm/supervisord/0.0.3/___package.npm' ]
silly tar err x package/.cupboard
silly tar err x package/.gitignore
silly tar err x package/MIT-LICENSE.txt
silly tar err x package/package.json
silly tar err x package/README.md
silly tar err x package/lib/api.js
silly tar err x package/lib/index.js
silly asyncMap in gTP /Users/craig/.npm/supervisord/0.0.3/___package.npm/package
silly asyncMap in gTP /Users/craig/.npm/supervisord/0.0.3/___package.npm/package/.cupboard
silly asyncMap in gTP /Users/craig/.npm/supervisord/0.0.3/___package.npm/package/.gitignore
silly asyncMap in gTP /Users/craig/.npm/supervisord/0.0.3/___package.npm/package/MIT-LICENSE.txt
silly asyncMap in gTP /Users/craig/.npm/supervisord/0.0.3/___package.npm/package/package.json
silly asyncMap in gTP /Users/craig/.npm/supervisord/0.0.3/___package.npm/package/README.md
silly asyncMap in gTP /Users/craig/.npm/supervisord/0.0.3/___package.npm/package/lib
silly asyncMap in gTP /Users/craig/.npm/supervisord/0.0.3/___package.npm/package/lib/api.js
silly asyncMap in gTP /Users/craig/.npm/supervisord/0.0.3/___package.npm/package/lib/index.js
verbose gunzed /Users/craig/.npm/supervisord/0.0.3/___package.npm/package
verbose rm'ed /Users/craig/.npm/supervisord/0.0.3/package
verbose renamed [ '/Users/craig/.npm/supervisord/0.0.3/___package.npm/package',
verbose renamed   '/Users/craig/.npm/supervisord/0.0.3/package' ]
silly testEngine { name: 'supervisord',
silly testEngine   description: 'Supervisord library for node.js',
silly testEngine   version: '0.0.3',
silly testEngine   author: { name: 'Craig Condon' },
silly testEngine   repository: 
silly testEngine    { type: 'git',
silly testEngine      url: 'git://github.com/spiceapps/supervisord.git' },
silly testEngine   dependencies: { structr: '*', xmlrpc: '*' },
silly testEngine   main: './lib/index',
silly testEngine   _npmUser: { name: 'architectd', email: 'craig@spiceapps.com' },
silly testEngine   _id: 'supervisord@0.0.3',
silly testEngine   devDependencies: {},
silly testEngine   engines: { node: '*' },
silly testEngine   _engineSupported: true,
silly testEngine   _npmVersion: '1.0.103',
silly testEngine   _nodeVersion: 'v0.4.12',
silly testEngine   _defaultsLoaded: true,
silly testEngine   dist: 
silly testEngine    { shasum: '38daf25394a5d8e655e13439a20ae5048cdad5a3',
silly testEngine      tarball: 'http://registry.npmjs.org/supervisord/-/supervisord-0.0.3.tgz' } }
verbose caching /Users/craig/.npm/supervisord/0.0.3/package/package.json
verbose loadDefaults supervisord@0.0.3
silly updated sha bytes 10240
info shasum 38daf25394a5d8e655e13439a20ae5048cdad5a3
info shasum /Users/craig/.npm/supervisord/0.0.3/package.tgz
verbose from cache /Users/craig/.npm/supervisord/0.0.3/package/package.json
verbose chmod /Users/craig/.npm/supervisord/0.0.3/package.tgz 644
verbose chown [ '/Users/craig/.npm/supervisord/0.0.3/package.tgz',
verbose chown   501,
verbose chown   20 ]
silly publish { name: 'supervisord',
silly publish   description: 'Supervisord library for node.js',
silly publish   version: '0.0.3',
silly publish   author: { name: 'Craig Condon' },
silly publish   repository: 
silly publish    { type: 'git',
silly publish      url: 'git://github.com/spiceapps/supervisord.git' },
silly publish   dependencies: { structr: '*', xmlrpc: '*' },
silly publish   main: './lib/index',
silly publish   _npmUser: { name: 'architectd', email: 'craig@spiceapps.com' },
silly publish   _id: 'supervisord@0.0.3',
silly publish   devDependencies: {},
silly publish   engines: { node: '*' },
silly publish   _engineSupported: true,
silly publish   _npmVersion: '1.0.103',
silly publish   _nodeVersion: 'v0.4.12',
silly publish   _defaultsLoaded: true,
silly publish   dist: 
silly publish    { shasum: '38daf25394a5d8e655e13439a20ae5048cdad5a3',
silly publish      tarball: 'http://registry.npmjs.org/supervisord/-/supervisord-0.0.3.tgz' } }
verbose PUT supervisord
verbose raw, before any munging supervisord
verbose url resolving [ 'https://registry.npmjs.org/', './supervisord' ]
verbose url resolved https://registry.npmjs.org/supervisord
verbose GET supervisord
verbose raw, before any munging supervisord
verbose url resolving [ 'https://registry.npmjs.org/', './supervisord' ]
verbose url resolved https://registry.npmjs.org/supervisord
verbose PUT supervisord/0.0.3/-tag/latest
verbose raw, before any munging supervisord/0.0.3/-tag/latest
verbose url resolving [ 'https://registry.npmjs.org/',
verbose url resolving   './supervisord/0.0.3/-tag/latest' ]
verbose url resolved https://registry.npmjs.org/supervisord/0.0.3/-tag/latest
ERR! Error sending version data
ERR! Error: forbidden _npmUser must be a current maintainer.
ERR! maintainers=[{"name":"architectd","email":"craig.j.condon@gmail.com"}]
ERR! current user={"name":"architectd","email":"craig.j.condon@gmail.com"}: supervisord/0.0.3/-tag/latest
ERR!     at Request.callback (/usr/local/lib/node_modules/npm/lib/utils/npm-registry-client/request.js:181:12)
ERR!     at Request.<anonymous> (/usr/local/lib/node_modules/npm/node_modules/request/main.js:346:18)
ERR!     at Request.emit (events.js:64:17)
ERR!     at IncomingMessage.<anonymous> (/usr/local/lib/node_modules/npm/node_modules/request/main.js:314:16)
ERR!     at IncomingMessage.emit (events.js:81:20)
ERR!     at HTTPParser.onMessageComplete (http.js:133:23)
ERR!     at CleartextStream.ondata (http.js:1231:22)
ERR!     at CleartextStream._push (tls.js:303:27)
ERR!     at SecurePair.cycle (tls.js:577:20)
ERR!     at EncryptedStream.write (tls.js:96:13)
ERR! Report this *entire* log at:
ERR!     <http://github.com/isaacs/npm/issues>
ERR! or email it to:
ERR!     <npm-@googlegroups.com>
ERR! 
ERR! System Darwin 11.2.0
ERR! command "node" "/usr/local/bin/npm" "publish" "--force"
ERR! cwd /Users/craig/Dropbox/Developer/Public/supervisord
ERR! node -v v0.4.12
ERR! npm -v 1.0.103
verbose exit [ 1, true ]
